2014-07-17 20:40:44.146 QuickTasks App[16129:90b] Multi-tasking -> Device: YES, App: YES
2014-07-17 20:40:44.171 QuickTasks App[16129:90b] Unlimited access to network resources
2014-07-17 20:40:44.176 QuickTasks App[16129:90b] 

Started backup to iCloud! Please be careful.
Your application might rejected by Apple if you store too much data.
For more information please read "iOS Data Storage Guidelines"
You could find it at the following address https://developer.apple.com/icloud/documentation/data-storage/ .

2014-07-17 20:40:44.305 QuickTasks App[16129:90b] [CDVTimer][keyboard] 0.065982ms
2014-07-17 20:40:44.305 QuickTasks App[16129:90b] CDVPlugin class CDVStatusBar (pluginName: statusbar) does not exist.
2014-07-17 20:40:44.306 QuickTasks App[16129:90b] [CDVTimer][statusbar] 0.331998ms
2014-07-17 20:40:44.306 QuickTasks App[16129:90b] [CDVTimer][TotalPluginStartup] 1.227975ms
2014-07-17 20:40:44.399 QuickTasks App[16129:90b] Resetting plugins due to page load.
2014-07-17 20:40:44.602 QuickTasks App[16129:90b] Finished load of: file:///Users/mgarcia11/Library/Application%20Support/iPhone%20Simulator/7.1/Applications/2A79D436-862F-4E92-AF58-729CC44134E8/QuickTasks%20App.app/www/index.html
2014-07-17 20:41:55.443 QuickTasks App[16569:90b] Multi-tasking -> Device: YES, App: YES
2014-07-17 20:41:55.450 QuickTasks App[16569:90b] Unlimited access to network resources
2014-07-17 20:41:55.453 QuickTasks App[16569:90b] 

Started backup to iCloud! Please be careful.
Your application might rejected by Apple if you store too much data.
For more information please read "iOS Data Storage Guidelines"
You could find it at the following address https://developer.apple.com/icloud/documentation/data-storage/ .

2014-07-17 20:41:55.465 QuickTasks App[16569:90b] [CDVTimer][keyboard] 0.055015ms
2014-07-17 20:41:55.465 QuickTasks App[16569:90b] CDVPlugin class CDVStatusBar (pluginName: statusbar) does not exist.
2014-07-17 20:41:55.466 QuickTasks App[16569:90b] [CDVTimer][statusbar] 0.342011ms
2014-07-17 20:41:55.466 QuickTasks App[16569:90b] [CDVTimer][TotalPluginStartup] 1.300991ms
2014-07-17 20:41:55.501 QuickTasks App[16569:90b] Resetting plugins due to page load.
2014-07-17 20:41:55.598 QuickTasks App[16569:90b] Finished load of: file:///Users/mgarcia11/Library/Application%20Support/iPhone%20Simulator/7.1/Applications/2A79D436-862F-4E92-AF58-729CC44134E8/QuickTasks%20App.app/www/index.html
2014-07-17 20:42:25.881 QuickTasks App[16797:90b] Multi-tasking -> Device: YES, App: YES
2014-07-17 20:42:25.887 QuickTasks App[16797:90b] Unlimited access to network resources
2014-07-17 20:42:25.889 QuickTasks App[16797:90b] 

Started backup to iCloud! Please be careful.
Your application might rejected by Apple if you store too much data.
For more information please read "iOS Data Storage Guidelines"
You could find it at the following address https://developer.apple.com/icloud/documentation/data-storage/ .

2014-07-17 20:42:25.904 QuickTasks App[16797:90b] [CDVTimer][keyboard] 0.057995ms
2014-07-17 20:42:25.904 QuickTasks App[16797:90b] CDVPlugin class CDVStatusBar (pluginName: statusbar) does not exist.
2014-07-17 20:42:25.905 QuickTasks App[16797:90b] [CDVTimer][statusbar] 0.295997ms
2014-07-17 20:42:25.905 QuickTasks App[16797:90b] [CDVTimer][TotalPluginStartup] 1.115024ms
2014-07-17 20:42:25.996 QuickTasks App[16797:90b] Resetting plugins due to page load.
2014-07-17 20:42:26.108 QuickTasks App[16797:90b] Finished load of: file:///Users/mgarcia11/Library/Application%20Support/iPhone%20Simulator/7.1/Applications/94FA86EC-6A6C-4CBA-BEED-E24E0551F286/QuickTasks%20App.app/www/index.html
2014-07-17 20:43:00.542 QuickTasks App[17200:90b] Multi-tasking -> Device: YES, App: YES
2014-07-17 20:43:00.548 QuickTasks App[17200:90b] Unlimited access to network resources
2014-07-17 20:43:00.550 QuickTasks App[17200:90b] 

Started backup to iCloud! Please be careful.
Your application might rejected by Apple if you store too much data.
For more information please read "iOS Data Storage Guidelines"
You could find it at the following address https://developer.apple.com/icloud/documentation/data-storage/ .

2014-07-17 20:43:00.562 QuickTasks App[17200:90b] [CDVTimer][keyboard] 0.060022ms
2014-07-17 20:43:00.563 QuickTasks App[17200:90b] CDVPlugin class CDVStatusBar (pluginName: statusbar) does not exist.
2014-07-17 20:43:00.563 QuickTasks App[17200:90b] [CDVTimer][statusbar] 0.405014ms
2014-07-17 20:43:00.563 QuickTasks App[17200:90b] [CDVTimer][TotalPluginStartup] 1.264989ms
2014-07-17 20:43:00.596 QuickTasks App[17200:90b] Resetting plugins due to page load.
2014-07-17 20:43:00.709 QuickTasks App[17200:90b] Finished load of: file:///Users/mgarcia11/Library/Application%20Support/iPhone%20Simulator/7.1/Applications/94FA86EC-6A6C-4CBA-BEED-E24E0551F286/QuickTasks%20App.app/www/index.html#/auth/signin
2014-07-17 20:55:20.033 QuickTasks App[19813:90b] Multi-tasking -> Device: YES, App: YES
2014-07-17 20:55:20.042 QuickTasks App[19813:90b] Unlimited access to network resources
2014-07-17 20:55:20.045 QuickTasks App[19813:90b] 

Started backup to iCloud! Please be careful.
Your application might rejected by Apple if you store too much data.
For more information please read "iOS Data Storage Guidelines"
You could find it at the following address https://developer.apple.com/icloud/documentation/data-storage/ .

2014-07-17 20:55:20.061 QuickTasks App[19813:90b] [CDVTimer][keyboard] 0.087976ms
2014-07-17 20:55:20.062 QuickTasks App[19813:90b] CDVPlugin class CDVStatusBar (pluginName: statusbar) does not exist.
2014-07-17 20:55:20.062 QuickTasks App[19813:90b] [CDVTimer][statusbar] 0.461996ms
2014-07-17 20:55:20.063 QuickTasks App[19813:90b] [CDVTimer][TotalPluginStartup] 1.662970ms
2014-07-17 20:55:20.114 QuickTasks App[19813:90b] Resetting plugins due to page load.
2014-07-17 20:55:20.256 QuickTasks App[19813:90b] Finished load of: file:///Users/mgarcia11/Library/Application%20Support/iPhone%20Simulator/7.1/Applications/94FA86EC-6A6C-4CBA-BEED-E24E0551F286/QuickTasks%20App.app/www/index.html#/auth/signin
2014-07-17 21:09:44.916 QuickTasks App[21433:90b] Multi-tasking -> Device: YES, App: YES
2014-07-17 21:09:44.922 QuickTasks App[21433:90b] Unlimited access to network resources
2014-07-17 21:09:44.925 QuickTasks App[21433:90b] 

Started backup to iCloud! Please be careful.
Your application might rejected by Apple if you store too much data.
For more information please read "iOS Data Storage Guidelines"
You could find it at the following address https://developer.apple.com/icloud/documentation/data-storage/ .

2014-07-17 21:09:44.941 QuickTasks App[21433:90b] [CDVTimer][keyboard] 0.060022ms
2014-07-17 21:09:44.941 QuickTasks App[21433:90b] CDVPlugin class CDVStatusBar (pluginName: statusbar) does not exist.
2014-07-17 21:09:44.942 QuickTasks App[21433:90b] [CDVTimer][statusbar] 0.378013ms
2014-07-17 21:09:44.942 QuickTasks App[21433:90b] [CDVTimer][TotalPluginStartup] 1.335979ms
2014-07-17 21:09:44.982 QuickTasks App[21433:90b] Resetting plugins due to page load.
2014-07-17 21:09:45.122 QuickTasks App[21433:90b] Finished load of: file:///Users/mgarcia11/Library/Application%20Support/iPhone%20Simulator/7.1/Applications/94FA86EC-6A6C-4CBA-BEED-E24E0551F286/QuickTasks%20App.app/www/index.html#/auth/signin
2014-07-17 21:27:01.018 QuickTasks App[23044:90b] Multi-tasking -> Device: YES, App: YES
2014-07-17 21:27:01.026 QuickTasks App[23044:90b] Unlimited access to network resources
2014-07-17 21:27:01.028 QuickTasks App[23044:90b] 

Started backup to iCloud! Please be careful.
Your application might rejected by Apple if you store too much data.
For more information please read "iOS Data Storage Guidelines"
You could find it at the following address https://developer.apple.com/icloud/documentation/data-storage/ .

2014-07-17 21:27:01.043 QuickTasks App[23044:90b] [CDVTimer][keyboard] 0.108004ms
2014-07-17 21:27:01.043 QuickTasks App[23044:90b] CDVPlugin class CDVStatusBar (pluginName: statusbar) does not exist.
2014-07-17 21:27:01.044 QuickTasks App[23044:90b] [CDVTimer][statusbar] 0.537992ms
2014-07-17 21:27:01.044 QuickTasks App[23044:90b] [CDVTimer][TotalPluginStartup] 1.748025ms
2014-07-17 21:27:01.086 QuickTasks App[23044:90b] Resetting plugins due to page load.
2014-07-17 21:27:01.207 QuickTasks App[23044:90b] Finished load of: file:///Users/mgarcia11/Library/Application%20Support/iPhone%20Simulator/7.1/Applications/94FA86EC-6A6C-4CBA-BEED-E24E0551F286/QuickTasks%20App.app/www/index.html#/auth/signin
2014-07-17 21:28:25.126 QuickTasks App[23506:90b] Multi-tasking -> Device: YES, App: YES
2014-07-17 21:28:25.134 QuickTasks App[23506:90b] Unlimited access to network resources
2014-07-17 21:28:25.136 QuickTasks App[23506:90b] 

Started backup to iCloud! Please be careful.
Your application might rejected by Apple if you store too much data.
For more information please read "iOS Data Storage Guidelines"
You could find it at the following address https://developer.apple.com/icloud/documentation/data-storage/ .

2014-07-17 21:28:25.154 QuickTasks App[23506:90b] [CDVTimer][keyboard] 0.087976ms
2014-07-17 21:28:25.155 QuickTasks App[23506:90b] CDVPlugin class CDVStatusBar (pluginName: statusbar) does not exist.
2014-07-17 21:28:25.155 QuickTasks App[23506:90b] [CDVTimer][statusbar] 0.361979ms
2014-07-17 21:28:25.155 QuickTasks App[23506:90b] [CDVTimer][TotalPluginStartup] 1.249969ms
2014-07-17 21:28:25.195 QuickTasks App[23506:90b] Resetting plugins due to page load.
2014-07-17 21:28:25.328 QuickTasks App[23506:90b] Finished load of: file:///Users/mgarcia11/Library/Application%20Support/iPhone%20Simulator/7.1/Applications/94FA86EC-6A6C-4CBA-BEED-E24E0551F286/QuickTasks%20App.app/www/index.html#/auth/signin
2014-07-17 21:28:44.068 QuickTasks App[23895:90b] Multi-tasking -> Device: YES, App: YES
2014-07-17 21:28:44.077 QuickTasks App[23895:90b] Unlimited access to network resources
2014-07-17 21:28:44.081 QuickTasks App[23895:90b] 

Started backup to iCloud! Please be careful.
Your application might rejected by Apple if you store too much data.
For more information please read "iOS Data Storage Guidelines"
You could find it at the following address https://developer.apple.com/icloud/documentation/data-storage/ .

2014-07-17 21:28:44.098 QuickTasks App[23895:90b] [CDVTimer][keyboard] 0.106037ms
2014-07-17 21:28:44.099 QuickTasks App[23895:90b] CDVPlugin class CDVStatusBar (pluginName: statusbar) does not exist.
2014-07-17 21:28:44.099 QuickTasks App[23895:90b] [CDVTimer][statusbar] 0.481009ms
2014-07-17 21:28:44.100 QuickTasks App[23895:90b] [CDVTimer][TotalPluginStartup] 1.610994ms
2014-07-17 21:28:44.149 QuickTasks App[23895:90b] Resetting plugins due to page load.
2014-07-17 21:28:44.305 QuickTasks App[23895:90b] Finished load of: file:///Users/mgarcia11/Library/Application%20Support/iPhone%20Simulator/7.1/Applications/94FA86EC-6A6C-4CBA-BEED-E24E0551F286/QuickTasks%20App.app/www/index.html#/auth/signin
2014-07-17 21:32:36.837 QuickTasks App[24514:90b] Multi-tasking -> Device: YES, App: YES
2014-07-17 21:32:36.843 QuickTasks App[24514:90b] Unlimited access to network resources
2014-07-17 21:32:36.846 QuickTasks App[24514:90b] 

Started backup to iCloud! Please be careful.
Your application might rejected by Apple if you store too much data.
For more information please read "iOS Data Storage Guidelines"
You could find it at the following address https://developer.apple.com/icloud/documentation/data-storage/ .

2014-07-17 21:32:36.861 QuickTasks App[24514:90b] [CDVTimer][keyboard] 0.100970ms
2014-07-17 21:32:36.861 QuickTasks App[24514:90b] CDVPlugin class CDVStatusBar (pluginName: statusbar) does not exist.
2014-07-17 21:32:36.862 QuickTasks App[24514:90b] [CDVTimer][statusbar] 0.450969ms
2014-07-17 21:32:36.862 QuickTasks App[24514:90b] [CDVTimer][TotalPluginStartup] 1.652002ms
2014-07-17 21:32:36.901 QuickTasks App[24514:90b] Resetting plugins due to page load.
2014-07-17 21:32:37.038 QuickTasks App[24514:90b] Finished load of: file:///Users/mgarcia11/Library/Application%20Support/iPhone%20Simulator/7.1/Applications/94FA86EC-6A6C-4CBA-BEED-E24E0551F286/QuickTasks%20App.app/www/index.html#/auth/signin
2014-07-17 21:33:22.769 QuickTasks App[24933:90b] Multi-tasking -> Device: YES, App: YES
2014-07-17 21:33:22.775 QuickTasks App[24933:90b] Unlimited access to network resources
2014-07-17 21:33:22.778 QuickTasks App[24933:90b] 

Started backup to iCloud! Please be careful.
Your application might rejected by Apple if you store too much data.
For more information please read "iOS Data Storage Guidelines"
You could find it at the following address https://developer.apple.com/icloud/documentation/data-storage/ .

2014-07-17 21:33:22.793 QuickTasks App[24933:90b] [CDVTimer][keyboard] 0.096023ms
2014-07-17 21:33:22.794 QuickTasks App[24933:90b] CDVPlugin class CDVStatusBar (pluginName: statusbar) does not exist.
2014-07-17 21:33:22.794 QuickTasks App[24933:90b] [CDVTimer][statusbar] 0.488997ms
2014-07-17 21:33:22.794 QuickTasks App[24933:90b] [CDVTimer][TotalPluginStartup] 1.594007ms
2014-07-17 21:33:22.835 QuickTasks App[24933:90b] Resetting plugins due to page load.
2014-07-17 21:33:22.976 QuickTasks App[24933:90b] Finished load of: file:///Users/mgarcia11/Library/Application%20Support/iPhone%20Simulator/7.1/Applications/94FA86EC-6A6C-4CBA-BEED-E24E0551F286/QuickTasks%20App.app/www/index.html#/auth/signin
2014-07-17 22:01:54.134 QuickTasks App[27288:90b] Multi-tasking -> Device: YES, App: YES
2014-07-17 22:01:54.140 QuickTasks App[27288:90b] Unlimited access to network resources
2014-07-17 22:01:54.142 QuickTasks App[27288:90b] 

Started backup to iCloud! Please be careful.
Your application might rejected by Apple if you store too much data.
For more information please read "iOS Data Storage Guidelines"
You could find it at the following address https://developer.apple.com/icloud/documentation/data-storage/ .

2014-07-17 22:01:54.155 QuickTasks App[27288:90b] [CDVTimer][keyboard] 0.057042ms
2014-07-17 22:01:54.155 QuickTasks App[27288:90b] CDVPlugin class CDVStatusBar (pluginName: statusbar) does not exist.
2014-07-17 22:01:54.156 QuickTasks App[27288:90b] [CDVTimer][statusbar] 0.388980ms
2014-07-17 22:01:54.156 QuickTasks App[27288:90b] [CDVTimer][TotalPluginStartup] 1.302958ms
2014-07-17 22:01:54.255 QuickTasks App[27288:90b] Resetting plugins due to page load.
2014-07-17 22:01:54.376 QuickTasks App[27288:90b] Finished load of: file:///Users/mgarcia11/Library/Application%20Support/iPhone%20Simulator/7.1/Applications/94FA86EC-6A6C-4CBA-BEED-E24E0551F286/QuickTasks%20App.app/www/index.html#/auth/signin
2014-07-17 22:03:57.991 QuickTasks App[27801:90b] Multi-tasking -> Device: YES, App: YES
2014-07-17 22:03:57.997 QuickTasks App[27801:90b] Unlimited access to network resources
2014-07-17 22:03:57.999 QuickTasks App[27801:90b] 

Started backup to iCloud! Please be careful.
Your application might rejected by Apple if you store too much data.
For more information please read "iOS Data Storage Guidelines"
You could find it at the following address https://developer.apple.com/icloud/documentation/data-storage/ .

2014-07-17 22:03:58.014 QuickTasks App[27801:90b] [CDVTimer][keyboard] 0.056028ms
2014-07-17 22:03:58.014 QuickTasks App[27801:90b] CDVPlugin class CDVStatusBar (pluginName: statusbar) does not exist.
2014-07-17 22:03:58.015 QuickTasks App[27801:90b] [CDVTimer][statusbar] 0.366986ms
2014-07-17 22:03:58.015 QuickTasks App[27801:90b] [CDVTimer][TotalPluginStartup] 1.241982ms
2014-07-17 22:03:58.050 QuickTasks App[27801:90b] Resetting plugins due to page load.
2014-07-17 22:03:58.169 QuickTasks App[27801:90b] Finished load of: file:///Users/mgarcia11/Library/Application%20Support/iPhone%20Simulator/7.1/Applications/94FA86EC-6A6C-4CBA-BEED-E24E0551F286/QuickTasks%20App.app/www/index.html#/auth/signin
2014-07-17 22:11:29.193 QuickTasks App[28691:90b] Multi-tasking -> Device: YES, App: YES
2014-07-17 22:11:29.202 QuickTasks App[28691:90b] Unlimited access to network resources
2014-07-17 22:11:29.206 QuickTasks App[28691:90b] 

Started backup to iCloud! Please be careful.
Your application might rejected by Apple if you store too much data.
For more information please read "iOS Data Storage Guidelines"
You could find it at the following address https://developer.apple.com/icloud/documentation/data-storage/ .

2014-07-17 22:11:29.224 QuickTasks App[28691:90b] [CDVTimer][keyboard] 0.106990ms
2014-07-17 22:11:29.225 QuickTasks App[28691:90b] CDVPlugin class CDVStatusBar (pluginName: statusbar) does not exist.
2014-07-17 22:11:29.225 QuickTasks App[28691:90b] [CDVTimer][statusbar] 0.454009ms
2014-07-17 22:11:29.226 QuickTasks App[28691:90b] [CDVTimer][TotalPluginStartup] 1.809001ms
2014-07-17 22:11:29.283 QuickTasks App[28691:90b] Resetting plugins due to page load.
2014-07-17 22:11:29.443 QuickTasks App[28691:90b] Finished load of: file:///Users/mgarcia11/Library/Application%20Support/iPhone%20Simulator/7.1/Applications/94FA86EC-6A6C-4CBA-BEED-E24E0551F286/QuickTasks%20App.app/www/index.html#/auth/signin
